{"/Users/lhassinger/dev/cursos/silabuz/tdd-skeleton-ts/src/utils/helper.ts": {"path":"/Users/lhassinger/dev/cursos/silabuz/tdd-skeleton-ts/src/utils/helper.ts","all":false,"statementMap":{"0":{"start":{"line":1,"column":0},"end":{"line":1,"column":47}},"1":{"start":{"line":2,"column":0},"end":{"line":2,"column":36}},"2":{"start":{"line":3,"column":0},"end":{"line":3,"column":0}},"3":{"start":{"line":4,"column":0},"end":{"line":4,"column":27}},"4":{"start":{"line":5,"column":0},"end":{"line":5,"column":0}},"5":{"start":{"line":6,"column":0},"end":{"line":6,"column":17}},"6":{"start":{"line":7,"column":0},"end":{"line":7,"column":1}},"7":{"start":{"line":8,"column":0},"end":{"line":8,"column":0}},"8":{"start":{"line":9,"column":0},"end":{"line":9,"column":48}},"9":{"start":{"line":10,"column":0},"end":{"line":10,"column":27}},"10":{"start":{"line":11,"column":0},"end":{"line":11,"column":0}},"11":{"start":{"line":12,"column":0},"end":{"line":12,"column":17}},"12":{"start":{"line":13,"column":0},"end":{"line":13,"column":1}},"13":{"start":{"line":14,"column":0},"end":{"line":14,"column":0}},"14":{"start":{"line":15,"column":0},"end":{"line":15,"column":51}},"15":{"start":{"line":16,"column":0},"end":{"line":16,"column":55}},"16":{"start":{"line":17,"column":0},"end":{"line":17,"column":34}},"17":{"start":{"line":18,"column":0},"end":{"line":18,"column":1}}},"s":{"0":1,"1":1,"2":1,"3":1,"4":1,"5":1,"6":1,"7":1,"8":1,"9":0,"10":0,"11":0,"12":0,"13":1,"14":1,"15":1,"16":1,"17":1},"branchMap":{"0":{"type":"branch","line":1,"loc":{"start":{"line":1,"column":7},"end":{"line":7,"column":1}},"locations":[{"start":{"line":1,"column":7},"end":{"line":7,"column":1}}]},"1":{"type":"branch","line":2,"loc":{"start":{"line":2,"column":18},"end":{"line":2,"column":36}},"locations":[{"start":{"line":2,"column":18},"end":{"line":2,"column":36}}]},"2":{"type":"branch","line":15,"loc":{"start":{"line":15,"column":0},"end":{"line":18,"column":1}},"locations":[{"start":{"line":15,"column":0},"end":{"line":18,"column":1}}]},"3":{"type":"branch","line":17,"loc":{"start":{"line":17,"column":4},"end":{"line":17,"column":34}},"locations":[{"start":{"line":17,"column":4},"end":{"line":17,"column":34}}]}},"b":{"0":[1],"1":[0],"2":[1],"3":[0]},"fnMap":{"0":{"name":"sumar","decl":{"start":{"line":1,"column":7},"end":{"line":7,"column":1}},"loc":{"start":{"line":1,"column":7},"end":{"line":7,"column":1}},"line":1},"1":{"name":"restar","decl":{"start":{"line":9,"column":7},"end":{"line":13,"column":1}},"loc":{"start":{"line":9,"column":7},"end":{"line":13,"column":1}},"line":9},"2":{"name":"validateIfNumber","decl":{"start":{"line":15,"column":0},"end":{"line":18,"column":1}},"loc":{"start":{"line":15,"column":0},"end":{"line":18,"column":1}},"line":15}},"f":{"0":1,"1":0,"2":1}}
}
